<?xml version="1.0" encoding="UTF-8"?>
<!-- Generated by org.testng.reporters.JUnitXMLReporter -->
<testsuite ignored="0" hostname="TMPPUN05GTR1611" failures="0" tests="5" name="Test001" time="10.212" errors="0" timestamp="2025-12-03T15:07:16 IST">
  <testcase classname="Test_Class.test001" name="Test_Title" time="0.025"/>
  <testcase classname="Test_Class.test001" name="Test_Login" time="0.028"/>
  <testcase classname="Test_Class.test001" name="Test_ProductPage" time="2.219"/>
  <testcase classname="Test_Class.test001" name="Test_CartPage" time="0.114"/>
  <testcase classname="Test_Class.test001" name="Test_Checkout" time="0.595"/>
</testsuite> <!-- Test001 -->
