<?xml version="1.0" encoding="UTF-8"?>
<testng-results ignored="0" total="6" passed="6" failed="0" skipped="0">
  <reporter-output>
  </reporter-output>
  <suite started-at="2025-12-03T15:07:06 IST" name="Sequential Suite" finished-at="2025-12-03T15:07:20 IST" duration-ms="14551">
    <groups>
    </groups>
    <test started-at="2025-12-03T15:07:06 IST" name="Test001" finished-at="2025-12-03T15:07:16 IST" duration-ms="10212">
      <class name="Test_Class.test001">
        <test-method is-config="true" signature="beforeClass()[pri:0, instance:Test_Class.test001@62ddbd7e]" started-at="2025-12-03T15:07:06 IST" name="beforeClass" finished-at="2025-12-03T15:07:10 IST" duration-ms="4814" status="PASS">
          <reporter-output>
          </reporter-output>
        </test-method> <!-- beforeClass -->
        <test-method signature="Test_Title()[pri:1, instance:Test_Class.test001@62ddbd7e]" started-at="2025-12-03T15:07:10 IST" name="Test_Title" finished-at="2025-12-03T15:07:10 IST" duration-ms="25" status="PASS">
          <reporter-output>
          </reporter-output>
        </test-method> <!-- Test_Title -->
        <test-method signature="Test_Login()[pri:2, instance:Test_Class.test001@62ddbd7e]" started-at="2025-12-03T15:07:10 IST" name="Test_Login" finished-at="2025-12-03T15:07:10 IST" duration-ms="28" status="PASS">
          <reporter-output>
          </reporter-output>
        </test-method> <!-- Test_Login -->
        <test-method signature="Test_ProductPage()[pri:3, instance:Test_Class.test001@62ddbd7e]" started-at="2025-12-03T15:07:10 IST" name="Test_ProductPage" finished-at="2025-12-03T15:07:13 IST" duration-ms="2219" status="PASS">
          <reporter-output>
          </reporter-output>
        </test-method> <!-- Test_ProductPage -->
        <test-method signature="Test_CartPage()[pri:4, instance:Test_Class.test001@62ddbd7e]" started-at="2025-12-03T15:07:13 IST" name="Test_CartPage" finished-at="2025-12-03T15:07:13 IST" duration-ms="114" status="PASS">
          <reporter-output>
          </reporter-output>
        </test-method> <!-- Test_CartPage -->
        <test-method signature="Test_Checkout()[pri:5, instance:Test_Class.test001@62ddbd7e]" started-at="2025-12-03T15:07:13 IST" name="Test_Checkout" finished-at="2025-12-03T15:07:13 IST" duration-ms="595" status="PASS">
          <reporter-output>
          </reporter-output>
        </test-method> <!-- Test_Checkout -->
        <test-method is-config="true" signature="afterClass()[pri:0, instance:Test_Class.test001@62ddbd7e]" started-at="2025-12-03T15:07:13 IST" name="afterClass" finished-at="2025-12-03T15:07:16 IST" duration-ms="2373" status="PASS">
          <reporter-output>
          </reporter-output>
        </test-method> <!-- afterClass -->
      </class> <!-- Test_Class.test001 -->
    </test> <!-- Test001 -->
    <test started-at="2025-12-03T15:07:16 IST" name="Test002" finished-at="2025-12-03T15:07:20 IST" duration-ms="4283">
      <class name="Test_Class.test002">
        <test-method is-config="true" signature="beforeClass()[pri:0, instance:Test_Class.test002@bccb269]" started-at="2025-12-03T15:07:16 IST" name="beforeClass" finished-at="2025-12-03T15:07:19 IST" duration-ms="3503" status="PASS">
          <reporter-output>
          </reporter-output>
        </test-method> <!-- beforeClass -->
        <test-method signature="test()[pri:0, instance:Test_Class.test002@bccb269]" started-at="2025-12-03T15:07:19 IST" name="test" finished-at="2025-12-03T15:07:20 IST" duration-ms="545" status="PASS">
          <reporter-output>
          </reporter-output>
        </test-method> <!-- test -->
        <test-method is-config="true" signature="afterClass()[pri:0, instance:Test_Class.test002@bccb269]" started-at="2025-12-03T15:07:20 IST" name="afterClass" finished-at="2025-12-03T15:07:20 IST" duration-ms="233" status="PASS">
          <reporter-output>
          </reporter-output>
        </test-method> <!-- afterClass -->
      </class> <!-- Test_Class.test002 -->
    </test> <!-- Test002 -->
  </suite> <!-- Sequential Suite -->
</testng-results>
